{"/workspaces/satoshi-hub/apps/backend/src/app.controller.ts": {"path":"/workspaces/satoshi-hub/apps/backend/src/app.controller.ts","statementMap":{"0":{"start":{"line":1,"column":0},"end":{"line":1,"column":49}},"1":{"start":{"line":2,"column":0},"end":{"line":2,"column":43}},"2":{"start":{"line":5,"column":7},"end":{"line":12,"column":null}},"3":{"start":{"line":6,"column":31},"end":{"line":6,"column":43}},"4":{"start":{"line":10,"column":4},"end":{"line":10,"column":38}},"5":{"start":{"line":5,"column":13},"end":{"line":5,"column":26}},"6":{"start":{"line":9,"column":2},"end":{"line":11,"column":null}},"7":{"start":{"line":5,"column":13},"end":{"line":12,"column":null}}},"fnMap":{"0":{"name":"(anonymous_2)","decl":{"start":{"line":6,"column":2},"end":{"line":6,"column":31}},"loc":{"start":{"line":6,"column":53},"end":{"line":6,"column":57}}},"1":{"name":"(anonymous_3)","decl":{"start":{"line":9,"column":2},"end":{"line":9,"column":10}},"loc":{"start":{"line":9,"column":10},"end":{"line":11,"column":3}}}},"branchMap":{},"s":{"0":1,"1":1,"2":1,"3":1,"4":1,"5":1,"6":1,"7":1},"f":{"0":1,"1":1},"b":{}}
,"/workspaces/satoshi-hub/apps/backend/src/app.module.ts": {"path":"/workspaces/satoshi-hub/apps/backend/src/app.module.ts","statementMap":{"0":{"start":{"line":1,"column":0},"end":{"line":1,"column":40}},"1":{"start":{"line":2,"column":0},"end":{"line":2,"column":46}},"2":{"start":{"line":3,"column":0},"end":{"line":3,"column":66}},"3":{"start":{"line":13,"column":7},"end":{"line":13,"column":null}},"4":{"start":{"line":13,"column":13},"end":{"line":13,"column":22}},"5":{"start":{"line":13,"column":13},"end":{"line":13,"column":null}}},"fnMap":{},"branchMap":{},"s":{"0":0,"1":0,"2":0,"3":0,"4":0,"5":0},"f":{},"b":{}}
,"/workspaces/satoshi-hub/apps/backend/src/app.service.ts": {"path":"/workspaces/satoshi-hub/apps/backend/src/app.service.ts","statementMap":{"0":{"start":{"line":1,"column":0},"end":{"line":1,"column":44}},"1":{"start":{"line":4,"column":7},"end":{"line":8,"column":null}},"2":{"start":{"line":6,"column":4},"end":{"line":6,"column":26}},"3":{"start":{"line":4,"column":13},"end":{"line":4,"column":23}},"4":{"start":{"line":4,"column":13},"end":{"line":8,"column":null}}},"fnMap":{"0":{"name":"(anonymous_1)","decl":{"start":{"line":5,"column":2},"end":{"line":5,"column":10}},"loc":{"start":{"line":5,"column":10},"end":{"line":7,"column":3}}}},"branchMap":{},"s":{"0":1,"1":1,"2":0,"3":1,"4":1},"f":{"0":0},"b":{}}
,"/workspaces/satoshi-hub/apps/backend/src/blockchain/blockchain.module.ts": {"path":"/workspaces/satoshi-hub/apps/backend/src/blockchain/blockchain.module.ts","statementMap":{"0":{"start":{"line":1,"column":0},"end":{"line":1,"column":40}},"1":{"start":{"line":2,"column":0},"end":{"line":2,"column":57}},"2":{"start":{"line":8,"column":7},"end":{"line":8,"column":null}},"3":{"start":{"line":8,"column":13},"end":{"line":8,"column":29}},"4":{"start":{"line":8,"column":13},"end":{"line":8,"column":null}}},"fnMap":{},"branchMap":{},"s":{"0":0,"1":0,"2":0,"3":0,"4":0},"f":{},"b":{}}
,"/workspaces/satoshi-hub/apps/backend/src/blockchain/blockchain.service.ts": {"path":"/workspaces/satoshi-hub/apps/backend/src/blockchain/blockchain.service.ts","statementMap":{"0":{"start":{"line":2,"column":0},"end":{"line":2,"column":52}},"1":{"start":{"line":3,"column":0},"end":{"line":3,"column":32}},"2":{"start":{"line":4,"column":0},"end":{"line":4,"column":47}},"3":{"start":{"line":5,"column":0},"end":{"line":5,"column":64}},"4":{"start":{"line":8,"column":30},"end":{"line":43,"column":null}},"5":{"start":{"line":11,"column":31},"end":{"line":11,"column":46}},"6":{"start":{"line":9,"column":19},"end":{"line":9,"column":63}},"7":{"start":{"line":14,"column":18},"end":{"line":14,"column":77}},"8":{"start":{"line":14,"column":51},"end":{"line":14,"column":76}},"9":{"start":{"line":15,"column":4},"end":{"line":17,"column":5}},"10":{"start":{"line":16,"column":6},"end":{"line":16,"column":57}},"11":{"start":{"line":18,"column":4},"end":{"line":18,"column":17}},"12":{"start":{"line":22,"column":24},"end":{"line":22,"column":52}},"13":{"start":{"line":23,"column":4},"end":{"line":26,"column":5}},"14":{"start":{"line":24,"column":6},"end":{"line":24,"column":95}},"15":{"start":{"line":25,"column":6},"end":{"line":25,"column":18}},"16":{"start":{"line":28,"column":19},"end":{"line":28,"column":37}},"17":{"start":{"line":29,"column":4},"end":{"line":29,"column":80}},"18":{"start":{"line":32,"column":21},"end":{"line":32,"column":65}},"19":{"start":{"line":34,"column":23},"end":{"line":34,"column":75}},"20":{"start":{"line":35,"column":4},"end":{"line":37,"column":5}},"21":{"start":{"line":36,"column":6},"end":{"line":36,"column":84}},"22":{"start":{"line":38,"column":19},"end":{"line":38,"column":58}},"23":{"start":{"line":40,"column":4},"end":{"line":40,"column":90}},"24":{"start":{"line":41,"column":4},"end":{"line":41,"column":18}},"25":{"start":{"line":8,"column":13},"end":{"line":8,"column":30}},"26":{"start":{"line":8,"column":13},"end":{"line":43,"column":null}}},"fnMap":{"0":{"name":"(anonymous_2)","decl":{"start":{"line":11,"column":2},"end":{"line":11,"column":31}},"loc":{"start":{"line":11,"column":59},"end":{"line":11,"column":63}}},"1":{"name":"(anonymous_3)","decl":{"start":{"line":13,"column":10},"end":{"line":13,"column":24}},"loc":{"start":{"line":13,"column":40},"end":{"line":19,"column":3}}},"2":{"name":"(anonymous_4)","decl":{"start":{"line":14,"column":40},"end":{"line":14,"column":41}},"loc":{"start":{"line":14,"column":51},"end":{"line":14,"column":76}}},"3":{"name":"(anonymous_5)","decl":{"start":{"line":21,"column":2},"end":{"line":21,"column":11}},"loc":{"start":{"line":21,"column":27},"end":{"line":42,"column":3}}}},"branchMap":{"0":{"loc":{"start":{"line":15,"column":4},"end":{"line":17,"column":5}},"type":"if","locations":[{"start":{"line":15,"column":4},"end":{"line":17,"column":5}}]},"1":{"loc":{"start":{"line":23,"column":4},"end":{"line":26,"column":5}},"type":"if","locations":[{"start":{"line":23,"column":4},"end":{"line":26,"column":5}}]},"2":{"loc":{"start":{"line":35,"column":4},"end":{"line":37,"column":5}},"type":"if","locations":[{"start":{"line":35,"column":4},"end":{"line":37,"column":5}}]}},"s":{"0":2,"1":2,"2":2,"3":2,"4":2,"5":4,"6":4,"7":3,"8":38,"9":3,"10":1,"11":2,"12":3,"13":2,"14":1,"15":1,"16":1,"17":1,"18":1,"19":1,"20":1,"21":1,"22":0,"23":0,"24":0,"25":2,"26":2},"f":{"0":4,"1":3,"2":38,"3":3},"b":{"0":[1],"1":[1],"2":[1]}}
,"/workspaces/satoshi-hub/apps/backend/src/blockchain/chains.config.ts": {"path":"/workspaces/satoshi-hub/apps/backend/src/blockchain/chains.config.ts","statementMap":{"0":{"start":{"line":8,"column":13},"end":{"line":87,"column":2}}},"fnMap":{},"branchMap":{},"s":{"0":2},"f":{},"b":{}}
,"/workspaces/satoshi-hub/apps/backend/src/payload/payload.module.ts": {"path":"/workspaces/satoshi-hub/apps/backend/src/payload/payload.module.ts","statementMap":{"0":{"start":{"line":1,"column":0},"end":{"line":1,"column":40}},"1":{"start":{"line":2,"column":0},"end":{"line":2,"column":51}},"2":{"start":{"line":3,"column":0},"end":{"line":3,"column":92}},"3":{"start":{"line":9,"column":7},"end":{"line":9,"column":null}},"4":{"start":{"line":9,"column":13},"end":{"line":9,"column":26}},"5":{"start":{"line":9,"column":13},"end":{"line":9,"column":null}}},"fnMap":{},"branchMap":{},"s":{"0":0,"1":0,"2":0,"3":0,"4":0,"5":0},"f":{},"b":{}}
,"/workspaces/satoshi-hub/apps/backend/src/payload/payload.service.ts": {"path":"/workspaces/satoshi-hub/apps/backend/src/payload/payload.service.ts","statementMap":{"0":{"start":{"line":1,"column":0},"end":{"line":1,"column":52}},"1":{"start":{"line":2,"column":0},"end":{"line":2,"column":58}},"2":{"start":{"line":3,"column":0},"end":{"line":3,"column":92}},"3":{"start":{"line":10,"column":27},"end":{"line":34,"column":null}},"4":{"start":{"line":15,"column":21},"end":{"line":15,"column":51}},"5":{"start":{"line":11,"column":19},"end":{"line":11,"column":60}},"6":{"start":{"line":12,"column":10},"end":{"line":12,"column":70}},"7":{"start":{"line":17,"column":4},"end":{"line":20,"column":6}},"8":{"start":{"line":24,"column":22},"end":{"line":24,"column":55}},"9":{"start":{"line":26,"column":4},"end":{"line":29,"column":5}},"10":{"start":{"line":27,"column":6},"end":{"line":27,"column":80}},"11":{"start":{"line":28,"column":6},"end":{"line":28,"column":67}},"12":{"start":{"line":31,"column":4},"end":{"line":31,"column":73}},"13":{"start":{"line":32,"column":4},"end":{"line":32,"column":38}},"14":{"start":{"line":10,"column":13},"end":{"line":10,"column":27}},"15":{"start":{"line":10,"column":13},"end":{"line":34,"column":null}}},"fnMap":{"0":{"name":"(anonymous_2)","decl":{"start":{"line":14,"column":2},"end":{"line":14,"column":null}},"loc":{"start":{"line":15,"column":79},"end":{"line":21,"column":3}}},"1":{"name":"(anonymous_3)","decl":{"start":{"line":23,"column":2},"end":{"line":23,"column":9}},"loc":{"start":{"line":23,"column":28},"end":{"line":33,"column":3}}}},"branchMap":{"0":{"loc":{"start":{"line":26,"column":4},"end":{"line":29,"column":5}},"type":"if","locations":[{"start":{"line":26,"column":4},"end":{"line":29,"column":5}}]}},"s":{"0":2,"1":2,"2":2,"3":2,"4":1,"5":1,"6":1,"7":1,"8":0,"9":0,"10":0,"11":0,"12":0,"13":0,"14":2,"15":2},"f":{"0":1,"1":0},"b":{"0":[0]}}
,"/workspaces/satoshi-hub/apps/backend/src/payload/processors/native-token-transfer.processor.ts": {"path":"/workspaces/satoshi-hub/apps/backend/src/payload/processors/native-token-transfer.processor.ts","statementMap":{"0":{"start":{"line":2,"column":0},"end":{"line":2,"column":52}},"1":{"start":{"line":4,"column":0},"end":{"line":4,"column":86}},"2":{"start":{"line":5,"column":0},"end":{"line":5,"column":32}},"3":{"start":{"line":8,"column":41},"end":{"line":28,"column":null}},"4":{"start":{"line":9,"column":19},"end":{"line":9,"column":74}},"5":{"start":{"line":12,"column":4},"end":{"line":14,"column":5}},"6":{"start":{"line":13,"column":6},"end":{"line":13,"column":63}},"7":{"start":{"line":16,"column":14},"end":{"line":16,"column":51}},"8":{"start":{"line":17,"column":4},"end":{"line":17,"column":86}},"9":{"start":{"line":20,"column":24},"end":{"line":20,"column":66}},"10":{"start":{"line":22,"column":4},"end":{"line":26,"column":6}},"11":{"start":{"line":8,"column":13},"end":{"line":8,"column":41}},"12":{"start":{"line":8,"column":13},"end":{"line":28,"column":null}}},"fnMap":{"0":{"name":"(anonymous_1)","decl":{"start":{"line":8,"column":7},"end":{"line":8,"column":13}},"loc":{"start":{"line":8,"column":7},"end":{"line":28,"column":1}}},"1":{"name":"(anonymous_2)","decl":{"start":{"line":11,"column":2},"end":{"line":11,"column":7}},"loc":{"start":{"line":11,"column":34},"end":{"line":27,"column":3}}}},"branchMap":{"0":{"loc":{"start":{"line":12,"column":4},"end":{"line":14,"column":5}},"type":"if","locations":[{"start":{"line":12,"column":4},"end":{"line":14,"column":5}}]}},"s":{"0":3,"1":3,"2":3,"3":3,"4":2,"5":0,"6":0,"7":0,"8":0,"9":0,"10":0,"11":3,"12":3},"f":{"0":2,"1":0},"b":{"0":[0]}}
,"/workspaces/satoshi-hub/apps/backend/src/prisma/prisma.module.ts": {"path":"/workspaces/satoshi-hub/apps/backend/src/prisma/prisma.module.ts","statementMap":{"0":{"start":{"line":1,"column":0},"end":{"line":1,"column":40}},"1":{"start":{"line":2,"column":0},"end":{"line":2,"column":49}},"2":{"start":{"line":8,"column":7},"end":{"line":8,"column":null}},"3":{"start":{"line":8,"column":13},"end":{"line":8,"column":25}},"4":{"start":{"line":8,"column":13},"end":{"line":8,"column":null}}},"fnMap":{},"branchMap":{},"s":{"0":0,"1":0,"2":0,"3":0,"4":0},"f":{},"b":{}}
,"/workspaces/satoshi-hub/apps/backend/src/prisma/prisma.service.ts": {"path":"/workspaces/satoshi-hub/apps/backend/src/prisma/prisma.service.ts","statementMap":{"0":{"start":{"line":1,"column":0},"end":{"line":1,"column":58}},"1":{"start":{"line":2,"column":0},"end":{"line":2,"column":46}},"2":{"start":{"line":5,"column":7},"end":{"line":9,"column":null}},"3":{"start":{"line":7,"column":4},"end":{"line":7,"column":26}},"4":{"start":{"line":5,"column":13},"end":{"line":5,"column":26}},"5":{"start":{"line":5,"column":13},"end":{"line":9,"column":null}}},"fnMap":{"0":{"name":"(anonymous_1)","decl":{"start":{"line":6,"column":2},"end":{"line":6,"column":7}},"loc":{"start":{"line":6,"column":20},"end":{"line":8,"column":3}}}},"branchMap":{},"s":{"0":4,"1":4,"2":4,"3":0,"4":4,"5":4},"f":{"0":0},"b":{}}
,"/workspaces/satoshi-hub/apps/backend/src/tx/tx.controller.ts": {"path":"/workspaces/satoshi-hub/apps/backend/src/tx/tx.controller.ts","statementMap":{"0":{"start":{"line":1,"column":0},"end":{"line":1,"column":56}},"1":{"start":{"line":2,"column":0},"end":{"line":2,"column":41}},"2":{"start":{"line":3,"column":0},"end":{"line":3,"column":50}},"3":{"start":{"line":6,"column":7},"end":{"line":13,"column":null}},"4":{"start":{"line":7,"column":31},"end":{"line":7,"column":42}},"5":{"start":{"line":11,"column":4},"end":{"line":11,"column":51}},"6":{"start":{"line":6,"column":13},"end":{"line":6,"column":25}},"7":{"start":{"line":10,"column":2},"end":{"line":12,"column":null}},"8":{"start":{"line":6,"column":13},"end":{"line":13,"column":null}}},"fnMap":{"0":{"name":"(anonymous_4)","decl":{"start":{"line":7,"column":2},"end":{"line":7,"column":31}},"loc":{"start":{"line":7,"column":51},"end":{"line":7,"column":55}}},"1":{"name":"(anonymous_5)","decl":{"start":{"line":10,"column":2},"end":{"line":10,"column":8}},"loc":{"start":{"line":10,"column":41},"end":{"line":12,"column":3}}}},"branchMap":{},"s":{"0":1,"1":1,"2":1,"3":1,"4":2,"5":1,"6":1,"7":1,"8":1},"f":{"0":2,"1":1},"b":{}}
,"/workspaces/satoshi-hub/apps/backend/src/tx/tx.module.ts": {"path":"/workspaces/satoshi-hub/apps/backend/src/tx/tx.module.ts","statementMap":{"0":{"start":{"line":1,"column":0},"end":{"line":1,"column":40}},"1":{"start":{"line":2,"column":0},"end":{"line":2,"column":44}},"2":{"start":{"line":3,"column":0},"end":{"line":3,"column":41}},"3":{"start":{"line":4,"column":0},"end":{"line":4,"column":47}},"4":{"start":{"line":5,"column":0},"end":{"line":5,"column":55}},"5":{"start":{"line":6,"column":0},"end":{"line":6,"column":45}},"6":{"start":{"line":7,"column":0},"end":{"line":7,"column":67}},"7":{"start":{"line":8,"column":0},"end":{"line":8,"column":58}},"8":{"start":{"line":22,"column":7},"end":{"line":22,"column":null}},"9":{"start":{"line":22,"column":13},"end":{"line":22,"column":21}},"10":{"start":{"line":22,"column":13},"end":{"line":22,"column":null}}},"fnMap":{},"branchMap":{},"s":{"0":0,"1":0,"2":0,"3":0,"4":0,"5":0,"6":0,"7":0,"8":0,"9":0,"10":0},"f":{},"b":{}}
,"/workspaces/satoshi-hub/apps/backend/src/tx/tx.processor.ts": {"path":"/workspaces/satoshi-hub/apps/backend/src/tx/tx.processor.ts","statementMap":{"0":{"start":{"line":1,"column":0},"end":{"line":1,"column":55}},"1":{"start":{"line":3,"column":0},"end":{"line":3,"column":57}},"2":{"start":{"line":4,"column":0},"end":{"line":4,"column":40}},"3":{"start":{"line":5,"column":0},"end":{"line":5,"column":69}},"4":{"start":{"line":6,"column":0},"end":{"line":6,"column":60}},"5":{"start":{"line":10,"column":24},"end":{"line":86,"column":null}},"6":{"start":{"line":18,"column":4},"end":{"line":18,"column":12}},"7":{"start":{"line":14,"column":21},"end":{"line":14,"column":29}},"8":{"start":{"line":15,"column":21},"end":{"line":15,"column":40}},"9":{"start":{"line":16,"column":21},"end":{"line":16,"column":37}},"10":{"start":{"line":11,"column":19},"end":{"line":11,"column":57}},"11":{"start":{"line":22,"column":22},"end":{"line":22,"column":30}},"12":{"start":{"line":23,"column":4},"end":{"line":23,"column":47}},"13":{"start":{"line":25,"column":18},"end":{"line":25,"column":78}},"14":{"start":{"line":26,"column":4},"end":{"line":28,"column":5}},"15":{"start":{"line":27,"column":6},"end":{"line":27,"column":59}},"16":{"start":{"line":30,"column":4},"end":{"line":33,"column":7}},"17":{"start":{"line":34,"column":4},"end":{"line":34,"column":68}},"18":{"start":{"line":36,"column":4},"end":{"line":84,"column":5}},"19":{"start":{"line":37,"column":21},"end":{"line":37,"column":72}},"20":{"start":{"line":38,"column":6},"end":{"line":40,"column":7}},"21":{"start":{"line":39,"column":8},"end":{"line":39,"column":78}},"22":{"start":{"line":41,"column":6},"end":{"line":41,"column":65}},"23":{"start":{"line":43,"column":33},"end":{"line":43,"column":58}},"24":{"start":{"line":44,"column":21},"end":{"line":44,"column":63}},"25":{"start":{"line":46,"column":24},"end":{"line":46,"column":81}},"26":{"start":{"line":48,"column":21},"end":{"line":48,"column":60}},"27":{"start":{"line":49,"column":6},"end":{"line":51,"column":7}},"28":{"start":{"line":50,"column":8},"end":{"line":50,"column":55}},"29":{"start":{"line":52,"column":6},"end":{"line":52,"column":93}},"30":{"start":{"line":54,"column":22},"end":{"line":54,"column":41}},"31":{"start":{"line":55,"column":6},"end":{"line":57,"column":7}},"32":{"start":{"line":56,"column":8},"end":{"line":56,"column":79}},"33":{"start":{"line":58,"column":6},"end":{"line":58,"column":80}},"34":{"start":{"line":60,"column":23},"end":{"line":70,"column":8}},"35":{"start":{"line":72,"column":6},"end":{"line":72,"column":69}},"36":{"start":{"line":73,"column":6},"end":{"line":73,"column":22}},"37":{"start":{"line":75,"column":6},"end":{"line":75,"column":65}},"38":{"start":{"line":76,"column":6},"end":{"line":82,"column":9}},"39":{"start":{"line":83,"column":6},"end":{"line":83,"column":18}},"40":{"start":{"line":10,"column":13},"end":{"line":10,"column":24}},"41":{"start":{"line":10,"column":13},"end":{"line":86,"column":null}}},"fnMap":{"0":{"name":"(anonymous_2)","decl":{"start":{"line":13,"column":2},"end":{"line":13,"column":null}},"loc":{"start":{"line":16,"column":51},"end":{"line":19,"column":3}}},"1":{"name":"(anonymous_3)","decl":{"start":{"line":21,"column":2},"end":{"line":21,"column":7}},"loc":{"start":{"line":21,"column":43},"end":{"line":85,"column":3}}}},"branchMap":{"0":{"loc":{"start":{"line":26,"column":4},"end":{"line":28,"column":5}},"type":"if","locations":[{"start":{"line":26,"column":4},"end":{"line":28,"column":5}}]},"1":{"loc":{"start":{"line":38,"column":6},"end":{"line":40,"column":7}},"type":"if","locations":[{"start":{"line":38,"column":6},"end":{"line":40,"column":7}}]},"2":{"loc":{"start":{"line":49,"column":6},"end":{"line":51,"column":7}},"type":"if","locations":[{"start":{"line":49,"column":6},"end":{"line":51,"column":7}}]},"3":{"loc":{"start":{"line":55,"column":6},"end":{"line":57,"column":7}},"type":"if","locations":[{"start":{"line":55,"column":6},"end":{"line":57,"column":7}}]},"4":{"loc":{"start":{"line":80,"column":44},"end":{"line":80,"column":98}},"type":"cond-expr","locations":[{"start":{"line":80,"column":69},"end":{"line":80,"column":82}},{"start":{"line":80,"column":85},"end":{"line":80,"column":98}}]}},"s":{"0":1,"1":1,"2":1,"3":1,"4":1,"5":1,"6":1,"7":1,"8":1,"9":1,"10":1,"11":0,"12":0,"13":0,"14":0,"15":0,"16":0,"17":0,"18":0,"19":0,"20":0,"21":0,"22":0,"23":0,"24":0,"25":0,"26":0,"27":0,"28":0,"29":0,"30":0,"31":0,"32":0,"33":0,"34":0,"35":0,"36":0,"37":0,"38":0,"39":0,"40":1,"41":1},"f":{"0":1,"1":0},"b":{"0":[0],"1":[0],"2":[0],"3":[0],"4":[0,0]}}
,"/workspaces/satoshi-hub/apps/backend/src/tx/tx.service.ts": {"path":"/workspaces/satoshi-hub/apps/backend/src/tx/tx.service.ts","statementMap":{"0":{"start":{"line":1,"column":0},"end":{"line":1,"column":52}},"1":{"start":{"line":2,"column":0},"end":{"line":2,"column":57}},"2":{"start":{"line":4,"column":0},"end":{"line":4,"column":45}},"3":{"start":{"line":5,"column":0},"end":{"line":5,"column":31}},"4":{"start":{"line":8,"column":22},"end":{"line":40,"column":null}},"5":{"start":{"line":12,"column":21},"end":{"line":12,"column":29}},"6":{"start":{"line":13,"column":46},"end":{"line":13,"column":55}},"7":{"start":{"line":9,"column":19},"end":{"line":9,"column":55}},"8":{"start":{"line":17,"column":18},"end":{"line":24,"column":6}},"9":{"start":{"line":26,"column":4},"end":{"line":26,"column":58}},"10":{"start":{"line":27,"column":16},"end":{"line":27,"column":70}},"11":{"start":{"line":28,"column":4},"end":{"line":28,"column":61}},"12":{"start":{"line":30,"column":4},"end":{"line":30,"column":65}},"13":{"start":{"line":34,"column":4},"end":{"line":34,"column":40}},"14":{"start":{"line":38,"column":4},"end":{"line":38,"column":59}},"15":{"start":{"line":8,"column":13},"end":{"line":8,"column":22}},"16":{"start":{"line":8,"column":13},"end":{"line":40,"column":null}}},"fnMap":{"0":{"name":"(anonymous_4)","decl":{"start":{"line":11,"column":2},"end":{"line":11,"column":null}},"loc":{"start":{"line":13,"column":60},"end":{"line":14,"column":6}}},"1":{"name":"(anonymous_5)","decl":{"start":{"line":16,"column":2},"end":{"line":16,"column":7}},"loc":{"start":{"line":16,"column":44},"end":{"line":31,"column":3}}},"2":{"name":"(anonymous_6)","decl":{"start":{"line":33,"column":2},"end":{"line":33,"column":7}},"loc":{"start":{"line":33,"column":15},"end":{"line":35,"column":3}}},"3":{"name":"(anonymous_7)","decl":{"start":{"line":37,"column":2},"end":{"line":37,"column":7}},"loc":{"start":{"line":37,"column":26},"end":{"line":39,"column":3}}}},"branchMap":{},"s":{"0":2,"1":2,"2":2,"3":2,"4":2,"5":1,"6":1,"7":1,"8":0,"9":0,"10":0,"11":0,"12":0,"13":0,"14":0,"15":2,"16":2},"f":{"0":1,"1":0,"2":0,"3":0},"b":{}}
}
