TN:
SF:src/app.controller.ts
FN:6,(anonymous_2)
FN:9,(anonymous_3)
FNF:2
FNH:2
FNDA:2,(anonymous_2)
FNDA:1,(anonymous_3)
DA:1,1
DA:2,1
DA:5,1
DA:6,2
DA:9,1
DA:10,1
LF:6
LH:6
BRF:0
BRH:0
end_of_record
TN:
SF:src/app.module.ts
FNF:0
FNH:0
DA:1,0
DA:2,0
DA:3,0
DA:13,0
LF:4
LH:0
BRF:0
BRH:0
end_of_record
TN:
SF:src/app.service.ts
FN:5,(anonymous_1)
FNF:1
FNH:0
FNDA:0,(anonymous_1)
DA:1,1
DA:4,1
DA:6,0
LF:3
LH:2
BRF:0
BRH:0
end_of_record
TN:
SF:src/main.ts
FN:4,bootstrap
FNF:1
FNH:0
FNDA:0,bootstrap
DA:1,0
DA:2,0
DA:5,0
DA:6,0
DA:8,0
LF:5
LH:0
BRDA:6,0,0,0
BRDA:6,0,1,0
BRF:2
BRH:0
end_of_record
TN:
SF:src/blockchain/blockchain.module.ts
FNF:0
FNH:0
DA:1,0
DA:2,0
DA:8,0
LF:3
LH:0
BRF:0
BRH:0
end_of_record
TN:
SF:src/blockchain/blockchain.service.ts
FN:10,(anonymous_2)
FN:12,(anonymous_3)
FN:13,(anonymous_4)
FN:20,(anonymous_5)
FNF:4
FNH:4
FNDA:5,(anonymous_2)
FNDA:3,(anonymous_3)
FNDA:3,(anonymous_4)
FNDA:2,(anonymous_5)
DA:1,1
DA:2,1
DA:3,1
DA:4,1
DA:7,1
DA:8,5
DA:10,5
DA:13,3
DA:14,3
DA:15,1
DA:17,2
DA:21,2
DA:22,2
DA:23,0
DA:24,0
DA:27,2
DA:28,2
DA:31,2
DA:33,2
DA:34,2
DA:35,1
DA:37,1
DA:39,1
DA:40,1
LF:24
LH:22
BRDA:14,0,0,1
BRDA:22,1,0,0
BRDA:34,2,0,1
BRF:3
BRH:2
end_of_record
TN:
SF:src/blockchain/chains.config.ts
FNF:0
FNH:0
DA:8,0
LF:1
LH:0
BRF:0
BRH:0
end_of_record
TN:
SF:src/payload/payload.module.ts
FNF:0
FNH:0
DA:1,0
DA:2,0
DA:3,0
DA:9,0
LF:4
LH:0
BRF:0
BRH:0
end_of_record
TN:
SF:src/payload/payload.service.ts
FN:14,(anonymous_2)
FN:23,(anonymous_3)
FNF:2
FNH:0
FNDA:0,(anonymous_2)
FNDA:0,(anonymous_3)
DA:1,0
DA:2,0
DA:3,0
DA:10,0
DA:11,0
DA:12,0
DA:15,0
DA:17,0
DA:24,0
DA:26,0
DA:27,0
DA:28,0
DA:31,0
DA:32,0
LF:14
LH:0
BRDA:26,0,0,0
BRF:1
BRH:0
end_of_record
TN:
SF:src/prisma/prisma.module.ts
FNF:0
FNH:0
DA:1,0
DA:2,0
DA:8,0
LF:3
LH:0
BRF:0
BRH:0
end_of_record
TN:
SF:src/prisma/prisma.service.ts
FN:6,(anonymous_1)
FNF:1
FNH:0
FNDA:0,(anonymous_1)
DA:1,2
DA:2,2
DA:5,2
DA:7,0
LF:4
LH:3
BRF:0
BRH:0
end_of_record
TN:
SF:src/tx/tx.controller.ts
FN:7,(anonymous_4)
FN:10,(anonymous_5)
FNF:2
FNH:0
FNDA:0,(anonymous_4)
FNDA:0,(anonymous_5)
DA:1,0
DA:2,0
DA:3,0
DA:6,0
DA:7,0
DA:10,0
DA:11,0
LF:7
LH:0
BRF:0
BRH:0
end_of_record
TN:
SF:src/tx/tx.module.ts
FNF:0
FNH:0
DA:1,0
DA:2,0
DA:3,0
DA:4,0
DA:5,0
DA:6,0
DA:7,0
DA:8,0
DA:22,0
LF:9
LH:0
BRF:0
BRH:0
end_of_record
TN:
SF:src/tx/tx.service.ts
FN:11,(anonymous_4)
FN:16,(anonymous_5)
FN:33,(anonymous_6)
FN:37,(anonymous_7)
FNF:4
FNH:1
FNDA:1,(anonymous_4)
FNDA:0,(anonymous_5)
FNDA:0,(anonymous_6)
FNDA:0,(anonymous_7)
DA:1,1
DA:2,1
DA:4,1
DA:5,1
DA:8,1
DA:9,1
DA:12,1
DA:13,1
DA:17,0
DA:26,0
DA:27,0
DA:28,0
DA:30,0
DA:34,0
DA:38,0
LF:15
LH:8
BRF:0
BRH:0
end_of_record
TN:
SF:src/tx/dto/create-tx.dto.ts
FNF:0
FNH:0
DA:3,0
LF:1
LH:0
BRF:0
BRH:0
end_of_record
